-------------------------------------------------------------------------------
Test set: com.example.api1pessoa.docs.FisicaControllerDocsTest
-------------------------------------------------------------------------------
Tests run: 5, Failures: 0, Errors: 3, Skipped: 0, Time elapsed: 4.361 s <<< FAILURE! -- in com.example.api1pessoa.docs.FisicaControllerDocsTest
com.example.api1pessoa.docs.FisicaControllerDocsTest.atualizar -- Time elapsed: 0.028 s <<< ERROR!
java.lang.IllegalArgumentException: urlTemplate not found. If you are using MockMvc did you use RestDocumentationRequestBuilders to build the request?
	at org.springframework.util.Assert.notNull(Assert.java:172)
	at org.springframework.restdocs.request.PathParametersSnippet.extractUrlTemplate(PathParametersSnippet.java:126)
	at org.springframework.restdocs.request.PathParametersSnippet.extractActualParameters(PathParametersSnippet.java:113)
	at org.springframework.restdocs.request.AbstractParametersSnippet.verifyParameterDescriptors(AbstractParametersSnippet.java:89)
	at org.springframework.restdocs.request.AbstractParametersSnippet.createModel(AbstractParametersSnippet.java:74)
	at org.springframework.restdocs.request.PathParametersSnippet.createModel(PathParametersSnippet.java:98)
	at org.springframework.restdocs.snippet.TemplatedSnippet.document(TemplatedSnippet.java:78)
	at org.springframework.restdocs.generate.RestDocumentationGenerator.handle(RestDocumentationGenerator.java:191)
	at org.springframework.restdocs.mockmvc.RestDocumentationResultHandler.handle(RestDocumentationResultHandler.java:52)
	at org.springframework.test.web.servlet.MockMvc$1.andDo(MockMvc.java:219)
	at com.example.api1pessoa.docs.FisicaControllerDocsTest.atualizar(FisicaControllerDocsTest.java:190)
	at java.base/java.lang.reflect.Method.invoke(Method.java:580)
	at java.base/java.util.ArrayList.forEach(ArrayList.java:1596)
	at java.base/java.util.ArrayList.forEach(ArrayList.java:1596)

com.example.api1pessoa.docs.FisicaControllerDocsTest.buscarPorId -- Time elapsed: 0.020 s <<< ERROR!
java.lang.IllegalArgumentException: urlTemplate not found. If you are using MockMvc did you use RestDocumentationRequestBuilders to build the request?
	at org.springframework.util.Assert.notNull(Assert.java:172)
	at org.springframework.restdocs.request.PathParametersSnippet.extractUrlTemplate(PathParametersSnippet.java:126)
	at org.springframework.restdocs.request.PathParametersSnippet.extractActualParameters(PathParametersSnippet.java:113)
	at org.springframework.restdocs.request.AbstractParametersSnippet.verifyParameterDescriptors(AbstractParametersSnippet.java:89)
	at org.springframework.restdocs.request.AbstractParametersSnippet.createModel(AbstractParametersSnippet.java:74)
	at org.springframework.restdocs.request.PathParametersSnippet.createModel(PathParametersSnippet.java:98)
	at org.springframework.restdocs.snippet.TemplatedSnippet.document(TemplatedSnippet.java:78)
	at org.springframework.restdocs.generate.RestDocumentationGenerator.handle(RestDocumentationGenerator.java:191)
	at org.springframework.restdocs.mockmvc.RestDocumentationResultHandler.handle(RestDocumentationResultHandler.java:52)
	at org.springframework.test.web.servlet.MockMvc$1.andDo(MockMvc.java:219)
	at com.example.api1pessoa.docs.FisicaControllerDocsTest.buscarPorId(FisicaControllerDocsTest.java:100)
	at java.base/java.lang.reflect.Method.invoke(Method.java:580)
	at java.base/java.util.ArrayList.forEach(ArrayList.java:1596)
	at java.base/java.util.ArrayList.forEach(ArrayList.java:1596)

com.example.api1pessoa.docs.FisicaControllerDocsTest.deletar -- Time elapsed: 0.025 s <<< ERROR!
java.lang.IllegalArgumentException: urlTemplate not found. If you are using MockMvc did you use RestDocumentationRequestBuilders to build the request?
	at org.springframework.util.Assert.notNull(Assert.java:172)
	at org.springframework.restdocs.request.PathParametersSnippet.extractUrlTemplate(PathParametersSnippet.java:126)
	at org.springframework.restdocs.request.PathParametersSnippet.extractActualParameters(PathParametersSnippet.java:113)
	at org.springframework.restdocs.request.AbstractParametersSnippet.verifyParameterDescriptors(AbstractParametersSnippet.java:89)
	at org.springframework.restdocs.request.AbstractParametersSnippet.createModel(AbstractParametersSnippet.java:74)
	at org.springframework.restdocs.request.PathParametersSnippet.createModel(PathParametersSnippet.java:98)
	at org.springframework.restdocs.snippet.TemplatedSnippet.document(TemplatedSnippet.java:78)
	at org.springframework.restdocs.generate.RestDocumentationGenerator.handle(RestDocumentationGenerator.java:191)
	at org.springframework.restdocs.mockmvc.RestDocumentationResultHandler.handle(RestDocumentationResultHandler.java:52)
	at org.springframework.test.web.servlet.MockMvc$1.andDo(MockMvc.java:219)
	at com.example.api1pessoa.docs.FisicaControllerDocsTest.deletar(FisicaControllerDocsTest.java:227)
	at java.base/java.lang.reflect.Method.invoke(Method.java:580)
	at java.base/java.util.ArrayList.forEach(ArrayList.java:1596)
	at java.base/java.util.ArrayList.forEach(ArrayList.java:1596)

