<?xml version="1.0" encoding="UTF-8"?>
<testsuite xmlns:xsi="http://www.w3.org/2001/XMLSchema-instance" xsi:noNamespaceSchemaLocation="https://maven.apache.org/surefire/maven-surefire-plugin/xsd/surefire-test-report-3.0.xsd" version="3.0" name="com.example.api1pessoa.docs.FisicaControllerDocsTest" time="4.361" tests="5" errors="3" skipped="0" failures="0">
  <properties>
[...]
</properties>
  <testcase name="listarTodos" classname="com.example.api1pessoa.docs.FisicaControllerDocsTest" time="0.321">
    <system-out><![CDATA[20:34:21.928 [main] INFO org.springframework.test.context.support.AnnotationConfigContextLoaderUtils -- Could not detect default configuration classes for test class [com.example.api1pessoa.docs.FisicaControllerDocsTest]: FisicaControllerDocsTest does not declare any static, non-private, non-final, nested classes annotated with @Configuration.
20:34:21.966 [main] INFO org.springframework.boot.test.context.SpringBootTestContextBootstrapper -- Found @SpringBootConfiguration com.example.api1pessoa.Api1PessoaApplication for test class com.example.api1pessoa.docs.FisicaControllerDocsTest

  .   ____          _            __ _ _
 /\\ / ___'_ __ _ _(_)_ __  __ _ \ \ \ \
( ( )\___ | '_ | '_| | '_ \/ _` | \ \ \ \
 \\/  ___)| |_)| | | | | || (_| |  ) ) ) )
  '  |____| .__|_| |_|_| |_\__, | / / / /
 =========|_|==============|___/=/_/_/_/

 :: Spring Boot ::                (v3.3.4)

2026-07-30T20:34:22.120-03:00  INFO 28112 --- [api1-pessoa] [           main] c.e.a.docs.FisicaControllerDocsTest      : Starting FisicaControllerDocsTest using Java 21.0.8 with PID 28112 (started by jproe in C:\Users\jproe\OneDrive\Documentos\3ano1sem\esii\spring-apis-final\api1-pessoa)
2026-07-30T20:34:22.122-03:00 DEBUG 28112 --- [api1-pessoa] [           main] c.e.a.docs.FisicaControllerDocsTest      : Running with Spring Boot v3.3.4, Spring v6.1.13
2026-07-30T20:34:22.123-03:00  INFO 28112 --- [api1-pessoa] [           main] c.e.a.docs.FisicaControllerDocsTest      : No active profile set, falling back to 1 default profile: "default"
2026-07-30T20:34:24.420-03:00  INFO 28112 --- [api1-pessoa] [           main] r$InitializeUserDetailsManagerConfigurer : Global AuthenticationManager configured with UserDetailsService bean with name userDetailsService
2026-07-30T20:34:25.602-03:00  INFO 28112 --- [api1-pessoa] [           main] o.s.b.t.m.w.SpringBootMockServletContext : Initializing Spring TestDispatcherServlet ''
2026-07-30T20:34:25.602-03:00  INFO 28112 --- [api1-pessoa] [           main] o.s.t.web.servlet.TestDispatcherServlet  : Initializing Servlet ''
2026-07-30T20:34:25.604-03:00  INFO 28112 --- [api1-pessoa] [           main] o.s.t.web.servlet.TestDispatcherServlet  : Completed initialization in 2 ms
2026-07-30T20:34:25.646-03:00  INFO 28112 --- [api1-pessoa] [           main] c.e.a.docs.FisicaControllerDocsTest      : Started FisicaControllerDocsTest in 3.673 seconds (process running for 4.794)
]]></system-out>
    <system-err><![CDATA[WARNING: A Java agent has been loaded dynamically (C:\Users\jproe\.m2\repository\net\bytebuddy\byte-buddy-agent\1.14.19\byte-buddy-agent-1.14.19.jar)
WARNING: If a serviceability tool is in use, please run with -XX:+EnableDynamicAgentLoading to hide this warning
WARNING: If a serviceability tool is not in use, please run with -Djdk.instrument.traceUsage for more information
WARNING: Dynamic loading of agents will be disallowed by default in a future release
]]></system-err>
  </testcase>
  <testcase name="criar" classname="com.example.api1pessoa.docs.FisicaControllerDocsTest" time="0.186"/>
  <testcase name="atualizar" classname="com.example.api1pessoa.docs.FisicaControllerDocsTest" time="0.028">
    <error message="urlTemplate not found. If you are using MockMvc did you use RestDocumentationRequestBuilders to build the request?" type="java.lang.IllegalArgumentException"><![CDATA[java.lang.IllegalArgumentException: urlTemplate not found. If you are using MockMvc did you use RestDocumentationRequestBuilders to build the request?
	at org.springframework.util.Assert.notNull(Assert.java:172)
	at org.springframework.restdocs.request.PathParametersSnippet.extractUrlTemplate(PathParametersSnippet.java:126)
	at org.springframework.restdocs.request.PathParametersSnippet.extractActualParameters(PathParametersSnippet.java:113)
	at org.springframework.restdocs.request.AbstractParametersSnippet.verifyParameterDescriptors(AbstractParametersSnippet.java:89)
	at org.springframework.restdocs.request.AbstractParametersSnippet.createModel(AbstractParametersSnippet.java:74)
	at org.springframework.restdocs.request.PathParametersSnippet.createModel(PathParametersSnippet.java:98)
	at org.springframework.restdocs.snippet.TemplatedSnippet.document(TemplatedSnippet.java:78)
	at org.springframework.restdocs.generate.RestDocumentationGenerator.handle(RestDocumentationGenerator.java:191)
	at org.springframework.restdocs.mockmvc.RestDocumentationResultHandler.handle(RestDocumentationResultHandler.java:52)
	at org.springframework.test.web.servlet.MockMvc$1.andDo(MockMvc.java:219)
	at com.example.api1pessoa.docs.FisicaControllerDocsTest.atualizar(FisicaControllerDocsTest.java:190)
	at java.base/java.lang.reflect.Method.invoke(Method.java:580)
	at java.base/java.util.ArrayList.forEach(ArrayList.java:1596)
	at java.base/java.util.ArrayList.forEach(ArrayList.java:1596)
]]></error>
    <system-out><![CDATA[
MockHttpServletRequest:
      HTTP Method = PUT
      Request URI = /api/fisicas/1
       Parameters = {_csrf=[TuRD7annNKn-rCOsv9zpQxbj87O07Vj1heTkkv_dX2LUbpeWfNZ12p-CUJ3TnkXKi_HdcneG3tHVjmnYsoHS8MnlZgG1Cvb0]}
          Headers = [Content-Type:"application/json;charset=UTF-8", Content-Length:"224"]
             Body = {"idade":30,"nome":"João da Silva","endereco":{"cep":"01001-000","rua":"Rua das Flores","bairro":"Centro","complemento":"Apto 45","estado":"SP","cidade":"São Paulo","numero":"123"},"cpf":"12345678901","genero":"Masculino"}
    Session Attrs = {}

Handler:
             Type = com.example.api1pessoa.controller.FisicaController
           Method = com.example.api1pessoa.controller.FisicaController#atualizar(Long, FisicaRequestDTO)

Async:
    Async started = false
     Async result = null

Resolved Exception:
             Type = null

ModelAndView:
        View name = null
             View = null
            Model = null

FlashMap:
       Attributes = null

MockHttpServletResponse:
           Status = 200
    Error message = null
          Headers = [Content-Type:"application/json", X-Content-Type-Options:"nosniff", X-XSS-Protection:"0", Cache-Control:"no-cache, no-store, max-age=0, must-revalidate", Pragma:"no-cache", Expires:"0", X-Frame-Options:"DENY"]
     Content type = application/json
             Body = {"id":1,"nome":"João da Silva","genero":"Masculino","idade":30,"cpf":"12345678901","endereco":{"rua":"Rua das Flores","numero":"123","complemento":"Apto 45","bairro":"Centro","cidade":"São Paulo","estado":"SP","cep":"01001-000"}}
    Forwarded URL = null
   Redirected URL = null
          Cookies = []
]]></system-out>
  </testcase>
  <testcase name="buscarPorId" classname="com.example.api1pessoa.docs.FisicaControllerDocsTest" time="0.02">
    <error message="urlTemplate not found. If you are using MockMvc did you use RestDocumentationRequestBuilders to build the request?" type="java.lang.IllegalArgumentException"><![CDATA[java.lang.IllegalArgumentException: urlTemplate not found. If you are using MockMvc did you use RestDocumentationRequestBuilders to build the request?
	at org.springframework.util.Assert.notNull(Assert.java:172)
	at org.springframework.restdocs.request.PathParametersSnippet.extractUrlTemplate(PathParametersSnippet.java:126)
	at org.springframework.restdocs.request.PathParametersSnippet.extractActualParameters(PathParametersSnippet.java:113)
	at org.springframework.restdocs.request.AbstractParametersSnippet.verifyParameterDescriptors(AbstractParametersSnippet.java:89)
	at org.springframework.restdocs.request.AbstractParametersSnippet.createModel(AbstractParametersSnippet.java:74)
	at org.springframework.restdocs.request.PathParametersSnippet.createModel(PathParametersSnippet.java:98)
	at org.springframework.restdocs.snippet.TemplatedSnippet.document(TemplatedSnippet.java:78)
	at org.springframework.restdocs.generate.RestDocumentationGenerator.handle(RestDocumentationGenerator.java:191)
	at org.springframework.restdocs.mockmvc.RestDocumentationResultHandler.handle(RestDocumentationResultHandler.java:52)
	at org.springframework.test.web.servlet.MockMvc$1.andDo(MockMvc.java:219)
	at com.example.api1pessoa.docs.FisicaControllerDocsTest.buscarPorId(FisicaControllerDocsTest.java:100)
	at java.base/java.lang.reflect.Method.invoke(Method.java:580)
	at java.base/java.util.ArrayList.forEach(ArrayList.java:1596)
	at java.base/java.util.ArrayList.forEach(ArrayList.java:1596)
]]></error>
    <system-out><![CDATA[
MockHttpServletRequest:
      HTTP Method = GET
      Request URI = /api/fisicas/1
       Parameters = {}
          Headers = [Accept:"application/json"]
             Body = null
    Session Attrs = {}

Handler:
             Type = com.example.api1pessoa.controller.FisicaController
           Method = com.example.api1pessoa.controller.FisicaController#buscarPorId(Long)

Async:
    Async started = false
     Async result = null

Resolved Exception:
             Type = null

ModelAndView:
        View name = null
             View = null
            Model = null

FlashMap:
       Attributes = null

MockHttpServletResponse:
           Status = 200
    Error message = null
          Headers = [Content-Type:"application/json", X-Content-Type-Options:"nosniff", X-XSS-Protection:"0", Cache-Control:"no-cache, no-store, max-age=0, must-revalidate", Pragma:"no-cache", Expires:"0", X-Frame-Options:"DENY"]
     Content type = application/json
             Body = {"id":1,"nome":"João da Silva","genero":"Masculino","idade":30,"cpf":"12345678901","endereco":{"rua":"Rua das Flores","numero":"123","complemento":"Apto 45","bairro":"Centro","cidade":"São Paulo","estado":"SP","cep":"01001-000"}}
    Forwarded URL = null
   Redirected URL = null
          Cookies = []
]]></system-out>
  </testcase>
  <testcase name="deletar" classname="com.example.api1pessoa.docs.FisicaControllerDocsTest" time="0.025">
    <error message="urlTemplate not found. If you are using MockMvc did you use RestDocumentationRequestBuilders to build the request?" type="java.lang.IllegalArgumentException"><![CDATA[java.lang.IllegalArgumentException: urlTemplate not found. If you are using MockMvc did you use RestDocumentationRequestBuilders to build the request?
	at org.springframework.util.Assert.notNull(Assert.java:172)
	at org.springframework.restdocs.request.PathParametersSnippet.extractUrlTemplate(PathParametersSnippet.java:126)
	at org.springframework.restdocs.request.PathParametersSnippet.extractActualParameters(PathParametersSnippet.java:113)
	at org.springframework.restdocs.request.AbstractParametersSnippet.verifyParameterDescriptors(AbstractParametersSnippet.java:89)
	at org.springframework.restdocs.request.AbstractParametersSnippet.createModel(AbstractParametersSnippet.java:74)
	at org.springframework.restdocs.request.PathParametersSnippet.createModel(PathParametersSnippet.java:98)
	at org.springframework.restdocs.snippet.TemplatedSnippet.document(TemplatedSnippet.java:78)
	at org.springframework.restdocs.generate.RestDocumentationGenerator.handle(RestDocumentationGenerator.java:191)
	at org.springframework.restdocs.mockmvc.RestDocumentationResultHandler.handle(RestDocumentationResultHandler.java:52)
	at org.springframework.test.web.servlet.MockMvc$1.andDo(MockMvc.java:219)
	at com.example.api1pessoa.docs.FisicaControllerDocsTest.deletar(FisicaControllerDocsTest.java:227)
	at java.base/java.lang.reflect.Method.invoke(Method.java:580)
	at java.base/java.util.ArrayList.forEach(ArrayList.java:1596)
	at java.base/java.util.ArrayList.forEach(ArrayList.java:1596)
]]></error>
    <system-out><![CDATA[
MockHttpServletRequest:
      HTTP Method = DELETE
      Request URI = /api/fisicas/1
       Parameters = {_csrf=[GxUUgt0fb0L12Fd4PsaZQiJu8b_75BQBVeKmnngeN6wQjpt4f3Aguut8XXLY6jUZDeutehQL3N3O03YsNtKUr0EvA5Upuf4b]}
          Headers = []
             Body = null
    Session Attrs = {}

Handler:
             Type = com.example.api1pessoa.controller.FisicaController
           Method = com.example.api1pessoa.controller.FisicaController#deletar(Long)

Async:
    Async started = false
     Async result = null

Resolved Exception:
             Type = null

ModelAndView:
        View name = null
             View = null
            Model = null

FlashMap:
       Attributes = null

MockHttpServletResponse:
           Status = 204
    Error message = null
          Headers = [X-Content-Type-Options:"nosniff", X-XSS-Protection:"0", Cache-Control:"no-cache, no-store, max-age=0, must-revalidate", Pragma:"no-cache", Expires:"0", X-Frame-Options:"DENY"]
     Content type = null
             Body = 
    Forwarded URL = null
   Redirected URL = null
          Cookies = []
]]></system-out>
  </testcase>
</testsuite>