<?xml version="1.0" encoding="UTF-8"?>
<testsuite xmlns:xsi="http://www.w3.org/2001/XMLSchema-instance" xsi:noNamespaceSchemaLocation="https://maven.apache.org/surefire/maven-surefire-plugin/xsd/surefire-test-report-3.0.xsd" version="3.0" name="com.example.api1pessoa.docs.SecurityAccessTest" time="0.344" tests="5" errors="0" skipped="0" failures="0">
  <properties>
[...]
</properties>
  <testcase name="sem_autenticacao_retorna_401" classname="com.example.api1pessoa.docs.SecurityAccessTest" time="0.007">
    <system-out><![CDATA[2026-07-30T20:34:26.962-03:00  INFO 28112 --- [api1-pessoa] [           main] t.c.s.AnnotationConfigContextLoaderUtils : Could not detect default configuration classes for test class [com.example.api1pessoa.docs.SecurityAccessTest]: SecurityAccessTest does not declare any static, non-private, non-final, nested classes annotated with @Configuration.
2026-07-30T20:34:26.976-03:00  INFO 28112 --- [api1-pessoa] [           main] .b.t.c.SpringBootTestContextBootstrapper : Found @SpringBootConfiguration com.example.api1pessoa.Api1PessoaApplication for test class com.example.api1pessoa.docs.SecurityAccessTest

  .   ____          _            __ _ _
 /\\ / ___'_ __ _ _(_)_ __  __ _ \ \ \ \
( ( )\___ | '_ | '_| | '_ \/ _` | \ \ \ \
 \\/  ___)| |_)| | | | | || (_| |  ) ) ) )
  '  |____| .__|_| |_|_| |_\__, | / / / /
 =========|_|==============|___/=/_/_/_/

 :: Spring Boot ::                (v3.3.4)

2026-07-30T20:34:27.018-03:00  INFO 28112 --- [api1-pessoa] [           main] c.e.api1pessoa.docs.SecurityAccessTest   : Starting SecurityAccessTest using Java 21.0.8 with PID 28112 (started by jproe in C:\Users\jproe\OneDrive\Documentos\3ano1sem\esii\spring-apis-final\api1-pessoa)
2026-07-30T20:34:27.018-03:00 DEBUG 28112 --- [api1-pessoa] [           main] c.e.api1pessoa.docs.SecurityAccessTest   : Running with Spring Boot v3.3.4, Spring v6.1.13
2026-07-30T20:34:27.018-03:00  INFO 28112 --- [api1-pessoa] [           main] c.e.api1pessoa.docs.SecurityAccessTest   : No active profile set, falling back to 1 default profile: "default"
2026-07-30T20:34:27.177-03:00  INFO 28112 --- [api1-pessoa] [           main] r$InitializeUserDetailsManagerConfigurer : Global AuthenticationManager configured with UserDetailsService bean with name userDetailsService
2026-07-30T20:34:27.265-03:00  INFO 28112 --- [api1-pessoa] [           main] o.s.b.t.m.w.SpringBootMockServletContext : Initializing Spring TestDispatcherServlet ''
2026-07-30T20:34:27.265-03:00  INFO 28112 --- [api1-pessoa] [           main] o.s.t.web.servlet.TestDispatcherServlet  : Initializing Servlet ''
2026-07-30T20:34:27.265-03:00  INFO 28112 --- [api1-pessoa] [           main] o.s.t.web.servlet.TestDispatcherServlet  : Completed initialization in 0 ms
2026-07-30T20:34:27.270-03:00  INFO 28112 --- [api1-pessoa] [           main] c.e.api1pessoa.docs.SecurityAccessTest   : Started SecurityAccessTest in 0.29 seconds (process running for 6.418)
]]></system-out>
  </testcase>
  <testcase name="user_nao_pode_criar_fisica" classname="com.example.api1pessoa.docs.SecurityAccessTest" time="0.005"/>
  <testcase name="user_nao_pode_deletar_fisica" classname="com.example.api1pessoa.docs.SecurityAccessTest" time="0.004"/>
  <testcase name="user_pode_listar_fisicas" classname="com.example.api1pessoa.docs.SecurityAccessTest" time="0.006"/>
  <testcase name="admin_pode_deletar_juridica" classname="com.example.api1pessoa.docs.SecurityAccessTest" time="0.005"/>
</testsuite>